<?xml version="1.0" encoding="UTF-8"?>
<testsuite xmlns:xsi="http://www.w3.org/2001/XMLSchema-instance" xsi:noNamespaceSchemaLocation="https://maven.apache.org/surefire/maven-surefire-plugin/xsd/surefire-test-report.xsd" name="com.logicalclocks.servicediscoveryclient.resolvers.TestCachingResolver" time="1.223" tests="2" errors="0" skipped="0" failures="0">
  <properties>
[...]
</properties>
  <testcase name="testCachingResolverNoAnswer" classname="com.logicalclocks.servicediscoveryclient.resolvers.TestCachingResolver" time="1.178"/>
  <testcase name="testCacheWithDNSResolver" classname="com.logicalclocks.servicediscoveryclient.resolvers.TestCachingResolver" time="0.029"/>
</testsuite>