<?xml version="1.0" encoding="UTF-8" ?>
<testsuite tests="11" failures="3" name="org.apache.hadoop.security.authentication.client.TestKerberosAuthenticator" time="13.459" errors="0" skipped="0">
  <properties>
[...]
</properties>
  <testcase classname="org.apache.hadoop.security.authentication.client.TestKerberosAuthenticator" name="testNotAuthenticatedWithMultiAuthHandler" time="1.98"/>
  <testcase classname="org.apache.hadoop.security.authentication.client.TestKerberosAuthenticator" name="testAuthenticationHttpClientPostWithMultiAuthHandler" time="1.523">
    <failure message="expected:&lt;200&gt; but was:&lt;401&gt;" type="java.lang.AssertionError">java.lang.AssertionError: expected:&lt;200&gt; but was:&lt;401&gt;
	at org.junit.Assert.fail(Assert.java:88)
	at org.junit.Assert.failNotEquals(Assert.java:834)
	at org.junit.Assert.assertEquals(Assert.java:645)
	at org.junit.Assert.assertEquals(Assert.java:631)
	at org.apache.hadoop.security.authentication.client.AuthenticatorTestCase.doHttpClientRequest(AuthenticatorTestCase.java:236)
	at org.apache.hadoop.security.authentication.client.AuthenticatorTestCase._testAuthenticationHttpClient(AuthenticatorTestCase.java:246)
	at org.apache.hadoop.security.authentication.client.TestKerberosAuthenticator$6.call(TestKerberosAuthenticator.java:219)
	at org.apache.hadoop.security.authentication.client.TestKerberosAuthenticator$6.call(TestKerberosAuthenticator.java:216)
	at org.apache.hadoop.security.authentication.KerberosTestUtils$1.run(KerberosTestUtils.java:120)
	at java.security.AccessController.doPrivileged(Native Method)
	at javax.security.auth.Subject.doAs(Subject.java:422)
	at org.apache.hadoop.security.authentication.KerberosTestUtils.doAs(KerberosTestUtils.java:117)
	at org.apache.hadoop.security.authentication.KerberosTestUtils.doAsClient(KerberosTestUtils.java:133)
	at org.apache.hadoop.security.authentication.client.TestKerberosAuthenticator.testAuthenticationHttpClientPostWithMultiAuthHandler(TestKerberosAuthenticator.java:216)
	at sun.reflect.NativeMethodAccessorImpl.invoke0(Native Method)
	at sun.reflect.NativeMethodAccessorImpl.invoke(NativeMethodAccessorImpl.java:62)
	at sun.reflect.DelegatingMethodAccessorImpl.invoke(DelegatingMethodAccessorImpl.java:43)
	at java.lang.reflect.Method.invoke(Method.java:498)
	at org.junit.runners.model.FrameworkMethod$1.runReflectiveCall(FrameworkMethod.java:50)
	at org.junit.internal.runners.model.ReflectiveCallable.run(ReflectiveCallable.java:12)
	at org.junit.runners.model.FrameworkMethod.invokeExplosively(FrameworkMethod.java:47)
	at org.junit.internal.runners.statements.InvokeMethod.evaluate(InvokeMethod.java:17)
	at org.junit.internal.runners.statements.FailOnTimeout$CallableStatement.call(FailOnTimeout.java:298)
	at org.junit.internal.runners.statements.FailOnTimeout$CallableStatement.call(FailOnTimeout.java:292)
	at java.util.concurrent.FutureTask.run(FutureTask.java:266)
	at java.lang.Thread.run(Thread.java:748)
</failure>
    <system-out>Debug is  true storeKey true useTicketCache true useKeyTab true doNotPrompt true ticketCache is null isInitiator true KeyTab is G:\Documents\School\College\MasonLeapLab_Research\ServerlessMDS\ServerlessNameNode\hadoop-common-project\hadoop-auth\target\5953f64e-3876-4a6f-8c0c-39d3dbb6cf29 refreshKrb5Config is true principal is client@EXAMPLE.COM tryFirstPass is false useFirstPass is false storePass is false clearPass is false
Refreshing Kerberos configuration
Acquire TGT from Cache
Principal is client@EXAMPLE.COM
null credentials from Ticket Cache
principal is client@EXAMPLE.COM
Will use keytab
Commit Succeeded 

Running embedded servlet container at: http://localhost:50995
		[Krb5LoginModule]: Entering logout
		[Krb5LoginModule]: logged out Subject
</system-out>
    <system-err>2020-11-10 10:41:49,183 INFO  MiniKdc - Configuration:
2020-11-10 10:41:49,183 INFO  MiniKdc - ---------------------------------------------------------------
2020-11-10 10:41:49,184 INFO  MiniKdc -   debug: false
2020-11-10 10:41:49,184 INFO  MiniKdc -   transport: TCP
2020-11-10 10:41:49,184 INFO  MiniKdc -   max.ticket.lifetime: 86400000
2020-11-10 10:41:49,184 INFO  MiniKdc -   org.name: EXAMPLE
2020-11-10 10:41:49,184 INFO  MiniKdc -   kdc.port: 0
2020-11-10 10:41:49,184 INFO  MiniKdc -   org.domain: COM
2020-11-10 10:41:49,184 INFO  MiniKdc -   max.renewable.lifetime: 604800000
2020-11-10 10:41:49,184 INFO  MiniKdc -   instance: DefaultKrbServer
2020-11-10 10:41:49,184 INFO  MiniKdc -   kdc.bind.address: localhost
2020-11-10 10:41:49,184 INFO  MiniKdc - ---------------------------------------------------------------
2020-11-10 10:41:49,196 INFO  MiniKdc - MiniKdc started.
2020-11-10 10:41:49,276 INFO  KdcRequest - The preauth data is empty.
2020-11-10 10:41:49,284 INFO  KdcHandler - KRB error occurred while processing request: Additional pre-authentication required
2020-11-10 10:41:49,449 INFO  AsRequest - AS_REQ ISSUE: authtime 1605022909447,client@EXAMPLE.COM for krbtgt/EXAMPLE.COM@EXAMPLE.COM
2020-11-10 10:41:49,458 INFO  Server - jetty-9.3.19.v20170502
2020-11-10 10:41:49,460 INFO  MultiSchemeAuthenticationHandler - multi-scheme-auth-handler.schemes : negotiate
2020-11-10 10:41:49,460 INFO  MultiSchemeAuthenticationHandler - kerberos.keytab : G:\Documents\School\College\MasonLeapLab_Research\ServerlessMDS\ServerlessNameNode\hadoop-common-project\hadoop-auth\target\5953f64e-3876-4a6f-8c0c-39d3dbb6cf29
2020-11-10 10:41:49,460 INFO  MultiSchemeAuthenticationHandler - type : multi-scheme
2020-11-10 10:41:49,460 INFO  MultiSchemeAuthenticationHandler - multi-scheme-auth-handler.schemes.negotiate.handler : kerberos
2020-11-10 10:41:49,460 INFO  MultiSchemeAuthenticationHandler - kerberos.name.rules : RULE:[1:$1@$0](.*@EXAMPLE.COM)s/@.*//

2020-11-10 10:41:49,460 INFO  MultiSchemeAuthenticationHandler - kerberos.principal : HTTP/localhost@EXAMPLE.COM
2020-11-10 10:41:49,460 INFO  KerberosAuthenticationHandler - Using keytab G:\Documents\School\College\MasonLeapLab_Research\ServerlessMDS\ServerlessNameNode\hadoop-common-project\hadoop-auth\target\5953f64e-3876-4a6f-8c0c-39d3dbb6cf29, for principal HTTP/localhost@EXAMPLE.COM
2020-11-10 10:41:49,461 INFO  MultiSchemeAuthenticationHandler - Successfully initialized Authentication handler of type org.apache.hadoop.security.authentication.server.KerberosAuthenticationHandler
2020-11-10 10:41:49,461 INFO  MultiSchemeAuthenticationHandler - Successfully initialized MultiSchemeAuthenticationHandler
2020-11-10 10:41:49,461 INFO  ContextHandler - Started o.e.j.s.ServletContextHandler@e70ba5{/foo,null,AVAILABLE}
2020-11-10 10:41:49,466 INFO  AbstractConnector - Started ServerConnector@18173ef{HTTP/1.1,[http/1.1]}{localhost:50995}
2020-11-10 10:41:49,466 INFO  Server - Started @3063ms
2020-11-10 10:41:49,687 ERROR KdcRequest - Principal: HTTP/kubernetes.docker.internal@EXAMPLE.COM is not known
2020-11-10 10:41:49,688 WARN  HttpAuthenticator - NEGOTIATE authentication error: No valid credentials provided (Mechanism level: No valid credentials provided (Mechanism level: Server not found in Kerberos database (7) - Server not found in Kerberos database))
2020-11-10 10:41:49,697 INFO  AbstractConnector - Stopped ServerConnector@18173ef{HTTP/1.1,[http/1.1]}{localhost:50995}
2020-11-10 10:41:49,697 INFO  ContextHandler - Stopped o.e.j.s.ServletContextHandler@e70ba5{/foo,null,UNAVAILABLE}
2020-11-10 10:41:49,698 INFO  DefaultInternalKdcServerImpl - Default Internal kdc server stopped.
2020-11-10 10:41:50,702 INFO  MiniKdc - MiniKdc stopped.
</system-err>
  </testcase>
  <testcase classname="org.apache.hadoop.security.authentication.client.TestKerberosAuthenticator" name="testNotAuthenticated" time="1.054"/>
  <testcase classname="org.apache.hadoop.security.authentication.client.TestKerberosAuthenticator" name="testAuthenticationHttpClient" time="1.109">
    <failure message="expected:&lt;200&gt; but was:&lt;401&gt;" type="java.lang.AssertionError">java.lang.AssertionError: expected:&lt;200&gt; but was:&lt;401&gt;
	at org.junit.Assert.fail(Assert.java:88)
	at org.junit.Assert.failNotEquals(Assert.java:834)
	at org.junit.Assert.assertEquals(Assert.java:645)
	at org.junit.Assert.assertEquals(Assert.java:631)
	at org.apache.hadoop.security.authentication.client.AuthenticatorTestCase.doHttpClientRequest(AuthenticatorTestCase.java:236)
	at org.apache.hadoop.security.authentication.client.AuthenticatorTestCase._testAuthenticationHttpClient(AuthenticatorTestCase.java:246)
	at org.apache.hadoop.security.authentication.client.TestKerberosAuthenticator$3.call(TestKerberosAuthenticator.java:157)
	at org.apache.hadoop.security.authentication.client.TestKerberosAuthenticator$3.call(TestKerberosAuthenticator.java:154)
	at org.apache.hadoop.security.authentication.KerberosTestUtils$1.run(KerberosTestUtils.java:120)
	at java.security.AccessController.doPrivileged(Native Method)
	at javax.security.auth.Subject.doAs(Subject.java:422)
	at org.apache.hadoop.security.authentication.KerberosTestUtils.doAs(KerberosTestUtils.java:117)
	at org.apache.hadoop.security.authentication.KerberosTestUtils.doAsClient(KerberosTestUtils.java:133)
	at org.apache.hadoop.security.authentication.client.TestKerberosAuthenticator.testAuthenticationHttpClient(TestKerberosAuthenticator.java:154)
	at sun.reflect.NativeMethodAccessorImpl.invoke0(Native Method)
	at sun.reflect.NativeMethodAccessorImpl.invoke(NativeMethodAccessorImpl.java:62)
	at sun.reflect.DelegatingMethodAccessorImpl.invoke(DelegatingMethodAccessorImpl.java:43)
	at java.lang.reflect.Method.invoke(Method.java:498)
	at org.junit.runners.model.FrameworkMethod$1.runReflectiveCall(FrameworkMethod.java:50)
	at org.junit.internal.runners.model.ReflectiveCallable.run(ReflectiveCallable.java:12)
	at org.junit.runners.model.FrameworkMethod.invokeExplosively(FrameworkMethod.java:47)
	at org.junit.internal.runners.statements.InvokeMethod.evaluate(InvokeMethod.java:17)
	at org.junit.internal.runners.statements.FailOnTimeout$CallableStatement.call(FailOnTimeout.java:298)
	at org.junit.internal.runners.statements.FailOnTimeout$CallableStatement.call(FailOnTimeout.java:292)
	at java.util.concurrent.FutureTask.run(FutureTask.java:266)
	at java.lang.Thread.run(Thread.java:748)
</failure>
    <system-out>Debug is  true storeKey true useTicketCache true useKeyTab true doNotPrompt true ticketCache is null isInitiator true KeyTab is G:\Documents\School\College\MasonLeapLab_Research\ServerlessMDS\ServerlessNameNode\hadoop-common-project\hadoop-auth\target\5953f64e-3876-4a6f-8c0c-39d3dbb6cf29 refreshKrb5Config is true principal is client@EXAMPLE.COM tryFirstPass is false useFirstPass is false storePass is false clearPass is false
Refreshing Kerberos configuration
Acquire TGT from Cache
Principal is client@EXAMPLE.COM
null credentials from Ticket Cache
principal is client@EXAMPLE.COM
Will use keytab
Commit Succeeded 

Running embedded servlet container at: http://localhost:51022
		[Krb5LoginModule]: Entering logout
		[Krb5LoginModule]: logged out Subject
</system-out>
    <system-err>2020-11-10 10:41:51,761 INFO  MiniKdc - Configuration:
2020-11-10 10:41:51,761 INFO  MiniKdc - ---------------------------------------------------------------
2020-11-10 10:41:51,761 INFO  MiniKdc -   debug: false
2020-11-10 10:41:51,761 INFO  MiniKdc -   transport: TCP
2020-11-10 10:41:51,761 INFO  MiniKdc -   max.ticket.lifetime: 86400000
2020-11-10 10:41:51,761 INFO  MiniKdc -   org.name: EXAMPLE
2020-11-10 10:41:51,761 INFO  MiniKdc -   kdc.port: 0
2020-11-10 10:41:51,761 INFO  MiniKdc -   org.domain: COM
2020-11-10 10:41:51,761 INFO  MiniKdc -   max.renewable.lifetime: 604800000
2020-11-10 10:41:51,761 INFO  MiniKdc -   instance: DefaultKrbServer
2020-11-10 10:41:51,761 INFO  MiniKdc -   kdc.bind.address: localhost
2020-11-10 10:41:51,761 INFO  MiniKdc - ---------------------------------------------------------------
2020-11-10 10:41:51,774 INFO  MiniKdc - MiniKdc started.
2020-11-10 10:41:51,803 INFO  KdcRequest - The preauth data is empty.
2020-11-10 10:41:51,826 INFO  KdcHandler - KRB error occurred while processing request: Additional pre-authentication required
2020-11-10 10:41:51,832 INFO  AsRequest - AS_REQ ISSUE: authtime 1605022911831,client@EXAMPLE.COM for krbtgt/EXAMPLE.COM@EXAMPLE.COM
2020-11-10 10:41:51,835 INFO  Server - jetty-9.3.19.v20170502
2020-11-10 10:41:51,837 INFO  KerberosAuthenticationHandler - Using keytab G:\Documents\School\College\MasonLeapLab_Research\ServerlessMDS\ServerlessNameNode\hadoop-common-project\hadoop-auth\target\5953f64e-3876-4a6f-8c0c-39d3dbb6cf29, for principal HTTP/localhost@EXAMPLE.COM
2020-11-10 10:41:51,838 INFO  ContextHandler - Started o.e.j.s.ServletContextHandler@1d39f04{/foo,null,AVAILABLE}
2020-11-10 10:41:51,843 INFO  AbstractConnector - Started ServerConnector@62d6ac{HTTP/1.1,[http/1.1]}{localhost:51022}
2020-11-10 10:41:51,844 INFO  Server - Started @5440ms
2020-11-10 10:41:51,859 ERROR KdcRequest - Principal: HTTP/kubernetes.docker.internal@EXAMPLE.COM is not known
2020-11-10 10:41:51,860 WARN  HttpAuthenticator - NEGOTIATE authentication error: No valid credentials provided (Mechanism level: No valid credentials provided (Mechanism level: Server not found in Kerberos database (7) - Server not found in Kerberos database))
2020-11-10 10:41:51,864 INFO  AbstractConnector - Stopped ServerConnector@62d6ac{HTTP/1.1,[http/1.1]}{localhost:51022}
2020-11-10 10:41:51,864 INFO  ContextHandler - Stopped o.e.j.s.ServletContextHandler@1d39f04{/foo,null,UNAVAILABLE}
2020-11-10 10:41:51,865 INFO  DefaultInternalKdcServerImpl - Default Internal kdc server stopped.
2020-11-10 10:41:52,868 INFO  MiniKdc - MiniKdc stopped.
</system-err>
  </testcase>
  <testcase classname="org.apache.hadoop.security.authentication.client.TestKerberosAuthenticator" name="testAuthentication" time="1.151"/>
  <testcase classname="org.apache.hadoop.security.authentication.client.TestKerberosAuthenticator" name="testWrapExceptionWithMessage" time="1.059"/>
  <testcase classname="org.apache.hadoop.security.authentication.client.TestKerberosAuthenticator" name="testAuthenticationPost" time="1.125"/>
  <testcase classname="org.apache.hadoop.security.authentication.client.TestKerberosAuthenticator" name="testFallbacktoPseudoAuthenticatorAnonymous" time="1.06"/>
  <testcase classname="org.apache.hadoop.security.authentication.client.TestKerberosAuthenticator" name="testFallbacktoPseudoAuthenticator" time="1.061"/>
  <testcase classname="org.apache.hadoop.security.authentication.client.TestKerberosAuthenticator" name="testAuthenticationHttpClientPost" time="1.122">
    <failure message="expected:&lt;200&gt; but was:&lt;401&gt;" type="java.lang.AssertionError">java.lang.AssertionError: expected:&lt;200&gt; but was:&lt;401&gt;
	at org.junit.Assert.fail(Assert.java:88)
	at org.junit.Assert.failNotEquals(Assert.java:834)
	at org.junit.Assert.assertEquals(Assert.java:645)
	at org.junit.Assert.assertEquals(Assert.java:631)
	at org.apache.hadoop.security.authentication.client.AuthenticatorTestCase.doHttpClientRequest(AuthenticatorTestCase.java:236)
	at org.apache.hadoop.security.authentication.client.AuthenticatorTestCase._testAuthenticationHttpClient(AuthenticatorTestCase.java:246)
	at org.apache.hadoop.security.authentication.client.TestKerberosAuthenticator$4.call(TestKerberosAuthenticator.java:171)
	at org.apache.hadoop.security.authentication.client.TestKerberosAuthenticator$4.call(TestKerberosAuthenticator.java:168)
	at org.apache.hadoop.security.authentication.KerberosTestUtils$1.run(KerberosTestUtils.java:120)
	at java.security.AccessController.doPrivileged(Native Method)
	at javax.security.auth.Subject.doAs(Subject.java:422)
	at org.apache.hadoop.security.authentication.KerberosTestUtils.doAs(KerberosTestUtils.java:117)
	at org.apache.hadoop.security.authentication.KerberosTestUtils.doAsClient(KerberosTestUtils.java:133)
	at org.apache.hadoop.security.authentication.client.TestKerberosAuthenticator.testAuthenticationHttpClientPost(TestKerberosAuthenticator.java:168)
	at sun.reflect.NativeMethodAccessorImpl.invoke0(Native Method)
	at sun.reflect.NativeMethodAccessorImpl.invoke(NativeMethodAccessorImpl.java:62)
	at sun.reflect.DelegatingMethodAccessorImpl.invoke(DelegatingMethodAccessorImpl.java:43)
	at java.lang.reflect.Method.invoke(Method.java:498)
	at org.junit.runners.model.FrameworkMethod$1.runReflectiveCall(FrameworkMethod.java:50)
	at org.junit.internal.runners.model.ReflectiveCallable.run(ReflectiveCallable.java:12)
	at org.junit.runners.model.FrameworkMethod.invokeExplosively(FrameworkMethod.java:47)
	at org.junit.internal.runners.statements.InvokeMethod.evaluate(InvokeMethod.java:17)
	at org.junit.internal.runners.statements.FailOnTimeout$CallableStatement.call(FailOnTimeout.java:298)
	at org.junit.internal.runners.statements.FailOnTimeout$CallableStatement.call(FailOnTimeout.java:292)
	at java.util.concurrent.FutureTask.run(FutureTask.java:266)
	at java.lang.Thread.run(Thread.java:748)
</failure>
    <system-out>Debug is  true storeKey true useTicketCache true useKeyTab true doNotPrompt true ticketCache is null isInitiator true KeyTab is G:\Documents\School\College\MasonLeapLab_Research\ServerlessMDS\ServerlessNameNode\hadoop-common-project\hadoop-auth\target\5953f64e-3876-4a6f-8c0c-39d3dbb6cf29 refreshKrb5Config is true principal is client@EXAMPLE.COM tryFirstPass is false useFirstPass is false storePass is false clearPass is false
Refreshing Kerberos configuration
Acquire TGT from Cache
Principal is client@EXAMPLE.COM
null credentials from Ticket Cache
principal is client@EXAMPLE.COM
Will use keytab
Commit Succeeded 

Running embedded servlet container at: http://localhost:51098
		[Krb5LoginModule]: Entering logout
		[Krb5LoginModule]: logged out Subject
</system-out>
    <system-err>2020-11-10 10:41:58,326 INFO  MiniKdc - Configuration:
2020-11-10 10:41:58,326 INFO  MiniKdc - ---------------------------------------------------------------
2020-11-10 10:41:58,326 INFO  MiniKdc -   debug: false
2020-11-10 10:41:58,326 INFO  MiniKdc -   transport: TCP
2020-11-10 10:41:58,326 INFO  MiniKdc -   max.ticket.lifetime: 86400000
2020-11-10 10:41:58,326 INFO  MiniKdc -   org.name: EXAMPLE
2020-11-10 10:41:58,326 INFO  MiniKdc -   kdc.port: 0
2020-11-10 10:41:58,326 INFO  MiniKdc -   org.domain: COM
2020-11-10 10:41:58,326 INFO  MiniKdc -   max.renewable.lifetime: 604800000
2020-11-10 10:41:58,326 INFO  MiniKdc -   instance: DefaultKrbServer
2020-11-10 10:41:58,326 INFO  MiniKdc -   kdc.bind.address: localhost
2020-11-10 10:41:58,326 INFO  MiniKdc - ---------------------------------------------------------------
2020-11-10 10:41:58,343 INFO  MiniKdc - MiniKdc started.
2020-11-10 10:41:58,376 INFO  KdcRequest - The preauth data is empty.
2020-11-10 10:41:58,376 INFO  KdcHandler - KRB error occurred while processing request: Additional pre-authentication required
2020-11-10 10:41:58,383 INFO  AsRequest - AS_REQ ISSUE: authtime 1605022918382,client@EXAMPLE.COM for krbtgt/EXAMPLE.COM@EXAMPLE.COM
2020-11-10 10:41:58,385 INFO  Server - jetty-9.3.19.v20170502
2020-11-10 10:41:58,387 INFO  KerberosAuthenticationHandler - Using keytab G:\Documents\School\College\MasonLeapLab_Research\ServerlessMDS\ServerlessNameNode\hadoop-common-project\hadoop-auth\target\5953f64e-3876-4a6f-8c0c-39d3dbb6cf29, for principal HTTP/localhost@EXAMPLE.COM
2020-11-10 10:41:58,388 INFO  ContextHandler - Started o.e.j.s.ServletContextHandler@1416654{/foo,null,AVAILABLE}
2020-11-10 10:41:58,396 INFO  AbstractConnector - Started ServerConnector@1f43794{HTTP/1.1,[http/1.1]}{localhost:51098}
2020-11-10 10:41:58,396 INFO  Server - Started @11992ms
2020-11-10 10:41:58,437 ERROR KdcRequest - Principal: HTTP/kubernetes.docker.internal@EXAMPLE.COM is not known
2020-11-10 10:41:58,438 WARN  HttpAuthenticator - NEGOTIATE authentication error: No valid credentials provided (Mechanism level: No valid credentials provided (Mechanism level: Server not found in Kerberos database (7) - Server not found in Kerberos database))
2020-11-10 10:41:58,442 INFO  AbstractConnector - Stopped ServerConnector@1f43794{HTTP/1.1,[http/1.1]}{localhost:51098}
2020-11-10 10:41:58,443 INFO  ContextHandler - Stopped o.e.j.s.ServletContextHandler@1416654{/foo,null,UNAVAILABLE}
2020-11-10 10:41:58,444 INFO  DefaultInternalKdcServerImpl - Default Internal kdc server stopped.
2020-11-10 10:41:59,447 INFO  MiniKdc - MiniKdc stopped.
</system-err>
  </testcase>
  <testcase classname="org.apache.hadoop.security.authentication.client.TestKerberosAuthenticator" name="testAuthenticationWithMultiAuthHandler" time="1.215"/>
</testsuite>