<?xml version="1.0" encoding="UTF-8" ?>
<testsuite tests="7" failures="0" name="org.apache.hadoop.security.authentication.client.TestPseudoAuthenticator" time="0.001" errors="0" skipped="0">
  <properties>
[...]
</properties>
  <testcase classname="org.apache.hadoop.security.authentication.client.TestPseudoAuthenticator" name="testAnonymousDisallowed" time="0.001"/>
  <testcase classname="org.apache.hadoop.security.authentication.client.TestPseudoAuthenticator" name="testAuthenticationAnonymousDisallowed" time="0"/>
  <testcase classname="org.apache.hadoop.security.authentication.client.TestPseudoAuthenticator" name="testAnonymousAllowed" time="0"/>
  <testcase classname="org.apache.hadoop.security.authentication.client.TestPseudoAuthenticator" name="testAuthenticationAnonymousAllowedWithPost" time="0"/>
  <testcase classname="org.apache.hadoop.security.authentication.client.TestPseudoAuthenticator" name="testGetUserName" time="0"/>
  <testcase classname="org.apache.hadoop.security.authentication.client.TestPseudoAuthenticator" name="testAuthenticationAnonymousDisallowedWithPost" time="0"/>
  <testcase classname="org.apache.hadoop.security.authentication.client.TestPseudoAuthenticator" name="testAuthenticationAnonymousAllowed" time="0"/>
</testsuite>